# JRE version: Java(TM) SE Runtime Environment (8.0_161-b12) (build 1.8.0_161-b12)
# Java VM: Java HotSpot(TM) 64-Bit Server VM (25.161-b12 mixed mode linux-amd64 compressed oops)
Heap:
 PSYoungGen      total 199168K, used 127844K [0x000000076cd00000, 0x000000077a680000, 0x00000007c0000000)
  eden space 184320K, 61% used [0x000000076cd00000,0x0000000773b60a28,0x0000000778100000)
  from space 14848K, 99% used [0x0000000779280000,0x000000077a0f88e8,0x000000077a100000)
  to   space 17920K, 0% used [0x0000000778100000,0x0000000778100000,0x0000000779280000)
 ParOldGen       total 175104K, used 24105K [0x00000006c6600000, 0x00000006d1100000, 0x000000076cd00000)
  object space 175104K, 13% used [0x00000006c6600000,0x00000006c7d8a720,0x00000006d1100000)
 Metaspace       used 50008K, capacity 51422K, committed 51544K, reserved 1093632K
  class space    used 6826K, capacity 7208K, committed 7296K, reserved 1048576K
GC Heap History (10 events):
Event: 3,401 GC heap before
{Heap before GC invocations=6 (full 1):
 PSYoungGen      total 101376K, used 100894K [0x000000076cd00000, 0x0000000775b80000, 0x00000007c0000000)
  eden space 94720K, 100% used [0x000000076cd00000,0x0000000772980000,0x0000000772980000)
  from space 6656K, 92% used [0x0000000775500000,0x0000000775b07b40,0x0000000775b80000)
  to   space 10240K, 0% used [0x0000000774780000,0x0000000774780000,0x0000000775180000)
 ParOldGen       total 108032K, used 8524K [0x00000006c6600000, 0x00000006ccf80000, 0x000000076cd00000)
  object space 108032K, 7% used [0x00000006c6600000,0x00000006c6e53190,0x00000006ccf80000)
 Metaspace       used 31469K, capacity 32024K, committed 32512K, reserved 1077248K
  class space    used 4336K, capacity 4487K, committed 4608K, reserved 1048576K
Event: 3,423 GC heap after
Heap after GC invocations=6 (full 1):
 PSYoungGen      total 135680K, used 9569K [0x000000076cd00000, 0x0000000776f00000, 0x00000007c0000000)
  eden space 125440K, 0% used [0x000000076cd00000,0x000000076cd00000,0x0000000774780000)
  from space 10240K, 93% used [0x0000000774780000,0x00000007750d85c8,0x0000000775180000)
  to   space 13824K, 0% used [0x0000000776180000,0x0000000776180000,0x0000000776f00000)
 ParOldGen       total 108032K, used 8596K [0x00000006c6600000, 0x00000006ccf80000, 0x000000076cd00000)
  object space 108032K, 7% used [0x00000006c6600000,0x00000006c6e651a0,0x00000006ccf80000)
 Metaspace       used 31469K, capacity 32024K, committed 32512K, reserved 1077248K
  class space    used 4336K, capacity 4487K, committed 4608K, reserved 1048576K
}
Event: 3,854 GC heap before
{Heap before GC invocations=7 (full 1):
 PSYoungGen      total 135680K, used 67562K [0x000000076cd00000, 0x0000000776f00000, 0x00000007c0000000)
  eden space 125440K, 46% used [0x000000076cd00000,0x00000007705a22f0,0x0000000774780000)
  from space 10240K, 93% used [0x0000000774780000,0x00000007750d85c8,0x0000000775180000)
  to   space 13824K, 0% used [0x0000000776180000,0x0000000776180000,0x0000000776f00000)
 ParOldGen       total 108032K, used 8596K [0x00000006c6600000, 0x00000006ccf80000, 0x000000076cd00000)
  object space 108032K, 7% used [0x00000006c6600000,0x00000006c6e651a0,0x00000006ccf80000)
 Metaspace       used 34573K, capacity 35186K, committed 35416K, reserved 1079296K
  class space    used 4745K, capacity 4938K, committed 4992K, reserved 1048576K
Event: 3,874 GC heap after
Heap after GC invocations=7 (full 1):
 PSYoungGen      total 150528K, used 13387K [0x000000076cd00000, 0x000000077a300000, 0x00000007c0000000)
  eden space 136704K, 0% used [0x000000076cd00000,0x000000076cd00000,0x0000000775280000)
  from space 13824K, 96% used [0x0000000776180000,0x0000000776e92cf8,0x0000000776f00000)
  to   space 15360K, 0% used [0x0000000775280000,0x0000000775280000,0x0000000776180000)
 ParOldGen       total 108032K, used 8604K [0x00000006c6600000, 0x00000006ccf80000, 0x000000076cd00000)
  object space 108032K, 7% used [0x00000006c6600000,0x00000006c6e671a0,0x00000006ccf80000)
 Metaspace       used 34573K, capacity 35186K, committed 35416K, reserved 1079296K
  class space    used 4745K, capacity 4938K, committed 4992K, reserved 1048576K
}
Event: 3,874 GC heap before
{Heap before GC invocations=8 (full 2):
 PSYoungGen      total 150528K, used 13387K [0x000000076cd00000, 0x000000077a300000, 0x00000007c0000000)
  eden space 136704K, 0% used [0x000000076cd00000,0x000000076cd00000,0x0000000775280000)
  from space 13824K, 96% used [0x0000000776180000,0x0000000776e92cf8,0x0000000776f00000)
  to   space 15360K, 0% used [0x0000000775280000,0x0000000775280000,0x0000000776180000)
 ParOldGen       total 108032K, used 8604K [0x00000006c6600000, 0x00000006ccf80000, 0x000000076cd00000)
  object space 108032K, 7% used [0x00000006c6600000,0x00000006c6e671a0,0x00000006ccf80000)
 Metaspace       used 34573K, capacity 35186K, committed 35416K, reserved 1079296K
  class space    used 4745K, capacity 4938K, committed 4992K, reserved 1048576K
Event: 3,992 GC heap after
Heap after GC invocations=8 (full 2):
 PSYoungGen      total 150528K, used 0K [0x000000076cd00000, 0x000000077a300000, 0x00000007c0000000)
  eden space 136704K, 0% used [0x000000076cd00000,0x000000076cd00000,0x0000000775280000)
  from space 13824K, 0% used [0x0000000776180000,0x0000000776180000,0x0000000776f00000)
  to   space 15360K, 0% used [0x0000000775280000,0x0000000775280000,0x0000000776180000)
 ParOldGen       total 175104K, used 20583K [0x00000006c6600000, 0x00000006d1100000, 0x000000076cd00000)
  object space 175104K, 11% used [0x00000006c6600000,0x00000006c7a19c18,0x00000006d1100000)
 Metaspace       used 34573K, capacity 35186K, committed 35416K, reserved 1079296K
  class space    used 4745K, capacity 4938K, committed 4992K, reserved 1048576K
}
Event: 5,336 GC heap before
{Heap before GC invocations=9 (full 2):
 PSYoungGen      total 150528K, used 136704K [0x000000076cd00000, 0x000000077a300000, 0x00000007c0000000)
  eden space 136704K, 100% used [0x000000076cd00000,0x0000000775280000,0x0000000775280000)
  from space 13824K, 0% used [0x0000000776180000,0x0000000776180000,0x0000000776f00000)
  to   space 15360K, 0% used [0x0000000775280000,0x0000000775280000,0x0000000776180000)
 ParOldGen       total 175104K, used 20583K [0x00000006c6600000, 0x00000006d1100000, 0x000000076cd00000)
  object space 175104K, 11% used [0x00000006c6600000,0x00000006c7a19c18,0x00000006d1100000)
 Metaspace       used 42848K, capacity 43766K, committed 43992K, reserved 1087488K
  class space    used 5848K, capacity 6124K, committed 6144K, reserved 1048576K
Event: 5,346 GC heap after
Heap after GC invocations=9 (full 2):
 PSYoungGen      total 152064K, used 9929K [0x000000076cd00000, 0x000000077a100000, 0x00000007c0000000)
  eden space 136704K, 0% used [0x000000076cd00000,0x000000076cd00000,0x0000000775280000)
  from space 15360K, 64% used [0x0000000775280000,0x0000000775c325a8,0x0000000776180000)
  to   space 14848K, 0% used [0x0000000779280000,0x0000000779280000,0x000000077a100000)
 ParOldGen       total 175104K, used 20655K [0x00000006c6600000, 0x00000006d1100000, 0x000000076cd00000)
  object space 175104K, 11% used [0x00000006c6600000,0x00000006c7a2bc28,0x00000006d1100000)
 Metaspace       used 42848K, capacity 43766K, committed 43992K, reserved 1087488K
  class space    used 5848K, capacity 6124K, committed 6144K, reserved 1048576K
}
Event: 6,612 GC heap before
{Heap before GC invocations=10 (full 2):
 PSYoungGen      total 152064K, used 146633K [0x000000076cd00000, 0x000000077a100000, 0x00000007c0000000)
  eden space 136704K, 100% used [0x000000076cd00000,0x0000000775280000,0x0000000775280000)
  from space 15360K, 64% used [0x0000000775280000,0x0000000775c325a8,0x0000000776180000)
  to   space 14848K, 0% used [0x0000000779280000,0x0000000779280000,0x000000077a100000)
 ParOldGen       total 175104K, used 20655K [0x00000006c6600000, 0x00000006d1100000, 0x000000076cd00000)
  object space 175104K, 11% used [0x00000006c6600000,0x00000006c7a2bc28,0x00000006d1100000)
 Metaspace       used 49133K, capacity 50464K, committed 50648K, reserved 1093632K
  class space    used 6750K, capacity 7085K, committed 7168K, reserved 1048576K
Event: 6,640 GC heap after
Heap after GC invocations=10 (full 2):
 PSYoungGen      total 199168K, used 14818K [0x000000076cd00000, 0x000000077a680000, 0x00000007c0000000)
  eden space 184320K, 0% used [0x000000076cd00000,0x000000076cd00000,0x0000000778100000)
  from space 14848K, 99% used [0x0000000779280000,0x000000077a0f88e8,0x000000077a100000)
  to   space 17920K, 0% used [0x0000000778100000,0x0000000778100000,0x0000000779280000)
 ParOldGen       total 175104K, used 24105K [0x00000006c6600000, 0x00000006d1100000, 0x000000076cd00000)
  object space 175104K, 13% used [0x00000006c6600000,0x00000006c7d8a720,0x00000006d1100000)
 Metaspace       used 49133K, capacity 50464K, committed 50648K, reserved 1093632K
  class space    used 6750K, capacity 7085K, committed 7168K, reserved 1048576K
}

