# JRE version: Java(TM) SE Runtime Environment (8.0_161-b12) (build 1.8.0_161-b12)
# Java VM: Java HotSpot(TM) 64-Bit Server VM (25.161-b12 mixed mode linux-amd64 compressed oops)
Heap:
 PSYoungGen      total 74752K, used 28106K [0x000000076cd00000, 0x0000000775f00000, 0x00000007c0000000)
  eden space 64512K, 43% used [0x000000076cd00000,0x000000076e872b18,0x0000000770c00000)
  from space 10240K, 0% used [0x0000000770c00000,0x0000000770c00000,0x0000000771600000)
  to   space 10240K, 0% used [0x0000000775500000,0x0000000775500000,0x0000000775f00000)
 ParOldGen       total 100352K, used 8631K [0x00000006c6600000, 0x00000006cc800000, 0x000000076cd00000)
  object space 100352K, 8% used [0x00000006c6600000,0x00000006c6e6df40,0x00000006cc800000)
 Metaspace       used 23305K, capacity 23690K, committed 23936K, reserved 1069056K
  class space    used 3256K, capacity 3374K, committed 3456K, reserved 1048576K
GC Heap History (8 events):
Event: 0,715 GC heap before
{Heap before GC invocations=1 (full 0):
 PSYoungGen      total 74752K, used 64512K [0x000000076cd00000, 0x0000000772000000, 0x00000007c0000000)
  eden space 64512K, 100% used [0x000000076cd00000,0x0000000770c00000,0x0000000770c00000)
  from space 10240K, 0% used [0x0000000771600000,0x0000000771600000,0x0000000772000000)
  to   space 10240K, 0% used [0x0000000770c00000,0x0000000770c00000,0x0000000771600000)
 ParOldGen       total 171008K, used 0K [0x00000006c6600000, 0x00000006d0d00000, 0x000000076cd00000)
  object space 171008K, 0% used [0x00000006c6600000,0x00000006c6600000,0x00000006d0d00000)
 Metaspace       used 10798K, capacity 11048K, committed 11136K, reserved 1058816K
  class space    used 1492K, capacity 1576K, committed 1664K, reserved 1048576K
Event: 0,722 GC heap after
Heap after GC invocations=1 (full 0):
 PSYoungGen      total 74752K, used 8284K [0x000000076cd00000, 0x0000000772000000, 0x00000007c0000000)
  eden space 64512K, 0% used [0x000000076cd00000,0x000000076cd00000,0x0000000770c00000)
  from space 10240K, 80% used [0x0000000770c00000,0x0000000771417368,0x0000000771600000)
  to   space 10240K, 0% used [0x0000000771600000,0x0000000771600000,0x0000000772000000)
 ParOldGen       total 171008K, used 8K [0x00000006c6600000, 0x00000006d0d00000, 0x000000076cd00000)
  object space 171008K, 0% used [0x00000006c6600000,0x00000006c6602000,0x00000006d0d00000)
 Metaspace       used 10798K, capacity 11048K, committed 11136K, reserved 1058816K
  class space    used 1492K, capacity 1576K, committed 1664K, reserved 1048576K
}
Event: 1,617 GC heap before
{Heap before GC invocations=2 (full 0):
 PSYoungGen      total 74752K, used 72796K [0x000000076cd00000, 0x0000000772000000, 0x00000007c0000000)
  eden space 64512K, 100% used [0x000000076cd00000,0x0000000770c00000,0x0000000770c00000)
  from space 10240K, 80% used [0x0000000770c00000,0x0000000771417368,0x0000000771600000)
  to   space 10240K, 0% used [0x0000000771600000,0x0000000771600000,0x0000000772000000)
 ParOldGen       total 171008K, used 8K [0x00000006c6600000, 0x00000006d0d00000, 0x000000076cd00000)
  object space 171008K, 0% used [0x00000006c6600000,0x00000006c6602000,0x00000006d0d00000)
 Metaspace       used 19952K, capacity 20218K, committed 20480K, reserved 1067008K
  class space    used 2722K, capacity 2796K, committed 2816K, reserved 1048576K
Event: 1,645 GC heap after
Heap after GC invocations=2 (full 0):
 PSYoungGen      total 74752K, used 10213K [0x000000076cd00000, 0x0000000775f00000, 0x00000007c0000000)
  eden space 64512K, 0% used [0x000000076cd00000,0x000000076cd00000,0x0000000770c00000)
  from space 10240K, 99% used [0x0000000771600000,0x0000000771ff9730,0x0000000772000000)
  to   space 10240K, 0% used [0x0000000770c00000,0x0000000770c00000,0x0000000771600000)
 ParOldGen       total 171008K, used 2530K [0x00000006c6600000, 0x00000006d0d00000, 0x000000076cd00000)
  object space 171008K, 1% used [0x00000006c6600000,0x00000006c6878be8,0x00000006d0d00000)
 Metaspace       used 19952K, capacity 20218K, committed 20480K, reserved 1067008K
  class space    used 2722K, capacity 2796K, committed 2816K, reserved 1048576K
}
Event: 1,809 GC heap before
{Heap before GC invocations=3 (full 0):
 PSYoungGen      total 74752K, used 24160K [0x000000076cd00000, 0x0000000775f00000, 0x00000007c0000000)
  eden space 64512K, 21% used [0x000000076cd00000,0x000000076da9ebb8,0x0000000770c00000)
  from space 10240K, 99% used [0x0000000771600000,0x0000000771ff9730,0x0000000772000000)
  to   space 10240K, 0% used [0x0000000770c00000,0x0000000770c00000,0x0000000771600000)
 ParOldGen       total 171008K, used 2530K [0x00000006c6600000, 0x00000006d0d00000, 0x000000076cd00000)
  object space 171008K, 1% used [0x00000006c6600000,0x00000006c6878be8,0x00000006d0d00000)
 Metaspace       used 20844K, capacity 21118K, committed 21248K, reserved 1067008K
  class space    used 2878K, capacity 2967K, committed 3072K, reserved 1048576K
Event: 1,825 GC heap after
Heap after GC invocations=3 (full 0):
 PSYoungGen      total 74752K, used 8300K [0x000000076cd00000, 0x0000000775f00000, 0x00000007c0000000)
  eden space 64512K, 0% used [0x000000076cd00000,0x000000076cd00000,0x0000000770c00000)
  from space 10240K, 81% used [0x0000000770c00000,0x000000077141b1e0,0x0000000771600000)
  to   space 10240K, 0% used [0x0000000775500000,0x0000000775500000,0x0000000775f00000)
 ParOldGen       total 171008K, used 2538K [0x00000006c6600000, 0x00000006d0d00000, 0x000000076cd00000)
  object space 171008K, 1% used [0x00000006c6600000,0x00000006c687abe8,0x00000006d0d00000)
 Metaspace       used 20844K, capacity 21118K, committed 21248K, reserved 1067008K
  class space    used 2878K, capacity 2967K, committed 3072K, reserved 1048576K
}
Event: 1,825 GC heap before
{Heap before GC invocations=4 (full 1):
 PSYoungGen      total 74752K, used 8300K [0x000000076cd00000, 0x0000000775f00000, 0x00000007c0000000)
  eden space 64512K, 0% used [0x000000076cd00000,0x000000076cd00000,0x0000000770c00000)
  from space 10240K, 81% used [0x0000000770c00000,0x000000077141b1e0,0x0000000771600000)
  to   space 10240K, 0% used [0x0000000775500000,0x0000000775500000,0x0000000775f00000)
 ParOldGen       total 171008K, used 2538K [0x00000006c6600000, 0x00000006d0d00000, 0x000000076cd00000)
  object space 171008K, 1% used [0x00000006c6600000,0x00000006c687abe8,0x00000006d0d00000)
 Metaspace       used 20844K, capacity 21118K, committed 21248K, reserved 1067008K
  class space    used 2878K, capacity 2967K, committed 3072K, reserved 1048576K
Event: 1,871 GC heap after
Heap after GC invocations=4 (full 1):
 PSYoungGen      total 74752K, used 0K [0x000000076cd00000, 0x0000000775f00000, 0x00000007c0000000)
  eden space 64512K, 0% used [0x000000076cd00000,0x000000076cd00000,0x0000000770c00000)
  from space 10240K, 0% used [0x0000000770c00000,0x0000000770c00000,0x0000000771600000)
  to   space 10240K, 0% used [0x0000000775500000,0x0000000775500000,0x0000000775f00000)
 ParOldGen       total 100352K, used 8631K [0x00000006c6600000, 0x00000006cc800000, 0x000000076cd00000)
  object space 100352K, 8% used [0x00000006c6600000,0x00000006c6e6df40,0x00000006cc800000)
 Metaspace       used 20844K, capacity 21118K, committed 21248K, reserved 1067008K
  class space    used 2878K, capacity 2967K, committed 3072K, reserved 1048576K
}

